<?xml version="1.0" encoding="UTF-8"?>
<testng-results skipped="1" failed="0" ignored="0" total="1" passed="0">
  <reporter-output>
  </reporter-output>
  <suite name="Default suite" duration-ms="7441" started-at="2020-10-07T11:07:54Z" finished-at="2020-10-07T11:08:02Z">
    <groups>
    </groups>
    <test name="Default test" duration-ms="7441" started-at="2020-10-07T11:07:54Z" finished-at="2020-10-07T11:08:02Z">
      <class name="com.ijmeet.functionaltests.SignInPageTest">
        <test-method status="FAIL" signature="openBrowser()[pri:0, instance:com.ijmeet.functionaltests.SignInPageTest@2cbb3d47]" name="openBrowser" is-config="true" duration-ms="7383" started-at="2020-10-07T11:07:54Z" finished-at="2020-10-07T11:08:02Z">
          <exception class="java.lang.NoClassDefFoundError">
            <message>
              <![CDATA[org/openqa/selenium/remote/SessionNotFoundException]]>
            </message>
            <full-stacktrace>
              <![CDATA[java.lang.NoClassDefFoundError: org/openqa/selenium/remote/SessionNotFoundException
at com.ijmeet.keywords.Keywords.openBrowser(Keywords.java:42)
at com.ijmeet.util.TestBase.openBrowser(TestBase.java:16)
at sun.reflect.NativeMethodAccessorImpl.invoke0(Native Method)
at sun.reflect.NativeMethodAccessorImpl.invoke(NativeMethodAccessorImpl.java:62)
at sun.reflect.DelegatingMethodAccessorImpl.invoke(DelegatingMethodAccessorImpl.java:43)
at java.lang.reflect.Method.invoke(Method.java:498)
at org.testng.internal.MethodInvocationHelper.invokeMethod(MethodInvocationHelper.java:124)
at org.testng.internal.MethodInvocationHelper.invokeMethodConsideringTimeout(MethodInvocationHelper.java:59)
at org.testng.internal.Invoker.invokeConfigurationMethod(Invoker.java:458)
at org.testng.internal.Invoker.invokeConfigurations(Invoker.java:222)
at org.testng.internal.Invoker.invokeConfigurations(Invoker.java:142)
at org.testng.internal.TestMethodWorker.invokeBeforeClassMethods(TestMethodWorker.java:168)
at org.testng.internal.TestMethodWorker.run(TestMethodWorker.java:105)
at org.testng.TestRunner.privateRun(TestRunner.java:648)
at org.testng.TestRunner.run(TestRunner.java:505)
at org.testng.SuiteRunner.runTest(SuiteRunner.java:455)
at org.testng.SuiteRunner.runSequentially(SuiteRunner.java:450)
at org.testng.SuiteRunner.privateRun(SuiteRunner.java:415)
at org.testng.SuiteRunner.run(SuiteRunner.java:364)
at org.testng.SuiteRunnerWorker.runSuite(SuiteRunnerWorker.java:52)
at org.testng.SuiteRunnerWorker.run(SuiteRunnerWorker.java:84)
at org.testng.TestNG.runSuitesSequentially(TestNG.java:1208)
at org.testng.TestNG.runSuitesLocally(TestNG.java:1137)
at org.testng.TestNG.runSuites(TestNG.java:1049)
at org.testng.TestNG.run(TestNG.java:1017)
at org.testng.remote.AbstractRemoteTestNG.run(AbstractRemoteTestNG.java:115)
at org.testng.remote.RemoteTestNG.initAndRun(RemoteTestNG.java:251)
at org.testng.remote.RemoteTestNG.main(RemoteTestNG.java:77)
Caused by: java.lang.ClassNotFoundException: org.openqa.selenium.remote.SessionNotFoundException
at java.net.URLClassLoader.findClass(URLClassLoader.java:381)
at java.lang.ClassLoader.loadClass(ClassLoader.java:424)
at sun.misc.Launcher$AppClassLoader.loadClass(Launcher.java:349)
at java.lang.ClassLoader.loadClass(ClassLoader.java:357)
... 28 more
]]>
            </full-stacktrace>
          </exception> <!-- java.lang.NoClassDefFoundError -->
          <reporter-output>
          </reporter-output>
        </test-method> <!-- openBrowser -->
        <test-method status="SKIP" signature="clickOnSignInBtn()[pri:0, instance:com.ijmeet.functionaltests.SignInPageTest@2cbb3d47]" name="clickOnSignInBtn" is-config="true" duration-ms="0" started-at="2020-10-07T11:08:02Z" finished-at="2020-10-07T11:08:02Z">
          <reporter-output>
          </reporter-output>
        </test-method> <!-- clickOnSignInBtn -->
        <test-method status="SKIP" signature="verifySignInTextVisibility()[pri:0, instance:com.ijmeet.functionaltests.SignInPageTest@2cbb3d47]" name="verifySignInTextVisibility" duration-ms="0" started-at="2020-10-07T11:08:02Z" finished-at="2020-10-07T11:08:02Z">
          <exception class="java.lang.NoClassDefFoundError">
            <message>
              <![CDATA[org/openqa/selenium/remote/SessionNotFoundException]]>
            </message>
            <full-stacktrace>
              <![CDATA[java.lang.NoClassDefFoundError: org/openqa/selenium/remote/SessionNotFoundException
at com.ijmeet.keywords.Keywords.openBrowser(Keywords.java:42)
at com.ijmeet.util.TestBase.openBrowser(TestBase.java:16)
at sun.reflect.NativeMethodAccessorImpl.invoke0(Native Method)
at sun.reflect.NativeMethodAccessorImpl.invoke(NativeMethodAccessorImpl.java:62)
at sun.reflect.DelegatingMethodAccessorImpl.invoke(DelegatingMethodAccessorImpl.java:43)
at java.lang.reflect.Method.invoke(Method.java:498)
at org.testng.internal.MethodInvocationHelper.invokeMethod(MethodInvocationHelper.java:124)
at org.testng.internal.MethodInvocationHelper.invokeMethodConsideringTimeout(MethodInvocationHelper.java:59)
at org.testng.internal.Invoker.invokeConfigurationMethod(Invoker.java:458)
at org.testng.internal.Invoker.invokeConfigurations(Invoker.java:222)
at org.testng.internal.Invoker.invokeConfigurations(Invoker.java:142)
at org.testng.internal.TestMethodWorker.invokeBeforeClassMethods(TestMethodWorker.java:168)
at org.testng.internal.TestMethodWorker.run(TestMethodWorker.java:105)
at org.testng.TestRunner.privateRun(TestRunner.java:648)
at org.testng.TestRunner.run(TestRunner.java:505)
at org.testng.SuiteRunner.runTest(SuiteRunner.java:455)
at org.testng.SuiteRunner.runSequentially(SuiteRunner.java:450)
at org.testng.SuiteRunner.privateRun(SuiteRunner.java:415)
at org.testng.SuiteRunner.run(SuiteRunner.java:364)
at org.testng.SuiteRunnerWorker.runSuite(SuiteRunnerWorker.java:52)
at org.testng.SuiteRunnerWorker.run(SuiteRunnerWorker.java:84)
at org.testng.TestNG.runSuitesSequentially(TestNG.java:1208)
at org.testng.TestNG.runSuitesLocally(TestNG.java:1137)
at org.testng.TestNG.runSuites(TestNG.java:1049)
at org.testng.TestNG.run(TestNG.java:1017)
at org.testng.remote.AbstractRemoteTestNG.run(AbstractRemoteTestNG.java:115)
at org.testng.remote.RemoteTestNG.initAndRun(RemoteTestNG.java:251)
at org.testng.remote.RemoteTestNG.main(RemoteTestNG.java:77)
Caused by: java.lang.ClassNotFoundException: org.openqa.selenium.remote.SessionNotFoundException
at java.net.URLClassLoader.findClass(URLClassLoader.java:381)
at java.lang.ClassLoader.loadClass(ClassLoader.java:424)
at sun.misc.Launcher$AppClassLoader.loadClass(Launcher.java:349)
at java.lang.ClassLoader.loadClass(ClassLoader.java:357)
... 28 more
]]>
            </full-stacktrace>
          </exception> <!-- java.lang.NoClassDefFoundError -->
          <reporter-output>
          </reporter-output>
        </test-method> <!-- verifySignInTextVisibility -->
        <test-method status="SKIP" signature="closeBrowser()[pri:0, instance:com.ijmeet.functionaltests.SignInPageTest@2cbb3d47]" name="closeBrowser" is-config="true" duration-ms="0" started-at="2020-10-07T11:08:02Z" finished-at="2020-10-07T11:08:02Z">
  <suite name="Default suite" duration-ms="87266" started-at="2020-10-07T10:48:50Z" finished-at="2020-10-07T10:50:17Z">
    <groups>
    </groups>
    <test name="Default test" duration-ms="87266" started-at="2020-10-07T10:48:50Z" finished-at="2020-10-07T10:50:17Z">
      <class name="com.ijmeet.functionaltests.SignInPageTest">
        <test-method status="PASS" signature="openBrowser()[pri:0, instance:com.ijmeet.functionaltests.SignInPageTest@402e37bc]" name="openBrowser" is-config="true" duration-ms="82020" started-at="2020-10-07T10:48:50Z" finished-at="2020-10-07T10:50:12Z">
          <reporter-output>
          </reporter-output>
        </test-method> <!-- openBrowser -->
        <test-method status="PASS" signature="clickOnSignInBtn()[pri:0, instance:com.ijmeet.functionaltests.SignInPageTest@402e37bc]" name="clickOnSignInBtn" is-config="true" duration-ms="5034" started-at="2020-10-07T10:50:12Z" finished-at="2020-10-07T10:50:17Z">
          <reporter-output>
          </reporter-output>
        </test-method> <!-- clickOnSignInBtn -->
        <test-method status="PASS" signature="verifySignInTextVisibility()[pri:0, instance:com.ijmeet.functionaltests.SignInPageTest@402e37bc]" name="verifySignInTextVisibility" duration-ms="134" started-at="2020-10-07T10:50:17Z" finished-at="2020-10-07T10:50:17Z">
          <reporter-output>
          </reporter-output>
        </test-method> <!-- verifySignInTextVisibility -->
        <test-method status="PASS" signature="closeBrowser()[pri:0, instance:com.ijmeet.functionaltests.SignInPageTest@402e37bc]" name="closeBrowser" is-config="true" duration-ms="40" started-at="2020-10-07T10:50:17Z" finished-at="2020-10-07T10:50:17Z">
          <reporter-output>
          </reporter-output>
        </test-method> <!-- closeBrowser -->
      </class> <!-- com.ijmeet.functionaltests.SignInPageTest -->
    </test> <!-- Default test -->
  </suite> <!-- Default suite -->
</testng-results>
